********************************************************************************
PACKAGE-LOG: 2016-04-03 20:49:05
NOTICE: Do NOT post to public sites or forums 
********************************************************************************
VERSION:	1.1.6
WORDPRESS:	4.4.2
PHP INFO:	5.5.12 | SAPI: apache2handler
SERVER:		Apache/2.4.9 (Win64) PHP/5.5.12 
PHP TIME LIMIT: (0) no time limit imposed 
PHP MAX MEMORY: 5000M (128M default) 
MEMORY STACK: 33MB 

********************************************************************************
DATABASE:
********************************************************************************
BUILD MODE:   PHP(query limit - 100)
MYSQLTIMEOUT: 5000
MYSQLDUMP:    Not Supported 
TABLES: total:33 | filtered:0 | create:33 
FILTERED: [] 
SQL CREATED: 20160403_unlimitednagustudija_5701819ced1983774160403204828_database.sql 
SQL FILE SIZE: 639.17KB (654512) 
SQL FILE TIME: 2016-04-03 20:49:06 
SQL RUNTIME: 1.17 sec. 

******************************************************************************** 
ARCHIVE (ZIP): 
******************************************************************************** 
ARCHIVE DIR:  C:/wamp/www/wp-unlimited 
ARCHIVE FILE: 20160403_unlimitednagustudija_5701819ced1983774160403204828_archive.zip 
FILTERS: *OFF* 
DIRS:  not set 
EXTS:  not set 
---------------------------------------- 
COMPRESSING 
SIZE:	66.88MB 
STATS:	Dirs 715 | Files 7,670 
SQL ADDED: 20160403_unlimitednagustudija_5701819ced1983774160403204828_database.sql 
ZipArchive Object
(
    [status] => 0
    [statusSys] => 0
    [numFiles] => 8385
    [filename] => C:\wamp\www\wp-unlimited\wp-snapshots\tmp\20160403_unlimitednagustudija_5701819ced1983774160403204828_archive.zip
    [comment] => 
)
 
COMPRESSION RESULT: '1' 
COMPRESSED SIZE: 42.77MB 
ARCHIVE RUNTIME: 227.89 sec. 
MEMORY STACK: 35.75MB 

******************************************************************************** 
MAKE INSTALLER: 
******************************************************************************** 
Build Start 
Build Finished 
Preping for use 
Template parsed with new data 
Complete [C:/wamp/www/wp-unlimited/wp-snapshots/tmp/20160403_unlimitednagustudija_5701819ced1983774160403204828_installer.php] 
Added to archive 

******************************************************************************** 
INTEGRITY CHECKS: 
******************************************************************************** 
SQL File: 639.17KB 
Installer File: 319.3KB 
Archive File: 42.77MB  

********************************************************************************
RECORD ID:[2]
TOTAL PROCESS RUNTIME: 242.52 sec.
PEAK PHP MEMORY USED: 37.25MB
DONE PROCESSING => 20160403_unlimitednagustudija 2016-04-03 20:53:07
 
